2020/03/22 17:43:27 INFO  - jmeter.util.JMeterUtils: Setting Locale to pt_PT 
2020/03/22 17:43:27 ERROR - jmeter.util.JMeterUtils: Could not find resources for 'pt_PT' 
2020/03/22 17:43:27 INFO  - jmeter.JMeter: Loading user properties from: /usr/share/jmeter/bin/user.properties 
2020/03/22 17:43:27 INFO  - jmeter.JMeter: Loading system properties from: /usr/share/jmeter/bin/system.properties 
2020/03/22 17:43:27 INFO  - jmeter.JMeter: Copyright (c) 1998-2015 The Apache Software Foundation 
2020/03/22 17:43:27 INFO  - jmeter.JMeter: Version 2.13.20180731 
2020/03/22 17:43:27 INFO  - jmeter.JMeter: java.version=11.0.6 
2020/03/22 17:43:27 INFO  - jmeter.JMeter: java.vm.name=OpenJDK 64-Bit Server VM 
2020/03/22 17:43:27 INFO  - jmeter.JMeter: os.name=Linux 
2020/03/22 17:43:27 INFO  - jmeter.JMeter: os.arch=amd64 
2020/03/22 17:43:27 INFO  - jmeter.JMeter: os.version=5.3.0-42-generic 
2020/03/22 17:43:27 INFO  - jmeter.JMeter: file.encoding=UTF-8 
2020/03/22 17:43:27 INFO  - jmeter.JMeter: Default Locale=português (Portugal) 
2020/03/22 17:43:27 INFO  - jmeter.JMeter: JMeter  Locale=português (Portugal) 
2020/03/22 17:43:27 INFO  - jmeter.JMeter: JMeterHome=/usr/share/jmeter 
2020/03/22 17:43:27 INFO  - jmeter.JMeter: user.dir  =/home/maria/Documentos/sextoSemestre/ES/es20tg_51-project/backend/jmeter/administration 
2020/03/22 17:43:27 INFO  - jmeter.JMeter: PWD       =/home/maria/Documentos/sextoSemestre/ES/es20tg_51-project/backend/jmeter/administration 
2020/03/22 17:43:27 INFO  - jmeter.JMeter: IP: 127.0.1.1 Name: maria-Aspire-E1-431 FullName: maria-Aspire-E1-431 
2020/03/22 17:43:28 INFO  - jmeter.gui.action.LookAndFeelCommand: Using look and feel: javax.swing.plaf.metal.MetalLookAndFeel [Metal, CrossPlatform] 
2020/03/22 17:43:28 INFO  - jmeter.JMeter: Loaded icon properties from org/apache/jmeter/images/icon.properties 
2020/03/22 17:43:29 INFO  - jmeter.engine.util.CompoundVariable: Note: Function class names must contain the string: '.functions.' 
2020/03/22 17:43:29 INFO  - jmeter.engine.util.CompoundVariable: Note: Function class names must not contain the string: '.gui.' 
2020/03/22 17:43:30 INFO  - jmeter.util.BSFTestElement: Registering JMeter version of JavaScript engine as work-round for BSF-22 
2020/03/22 17:43:30 INFO  - jmeter.protocol.http.sampler.HTTPSamplerBase: Cannot find .className property for htmlParser, using default 
2020/03/22 17:43:30 INFO  - jmeter.protocol.http.sampler.HTTPSamplerBase: Parser for text/html is  
2020/03/22 17:43:30 INFO  - jmeter.protocol.http.sampler.HTTPSamplerBase: Parser for application/xhtml+xml is  
2020/03/22 17:43:30 INFO  - jmeter.protocol.http.sampler.HTTPSamplerBase: Parser for application/xml is  
2020/03/22 17:43:30 INFO  - jmeter.protocol.http.sampler.HTTPSamplerBase: Parser for text/xml is  
2020/03/22 17:43:30 INFO  - jmeter.protocol.http.sampler.HTTPSamplerBase: Parser for text/vnd.wap.wml is org.apache.jmeter.protocol.http.parser.RegexpHTMLParser 
2020/03/22 17:43:30 INFO  - jmeter.gui.util.MenuFactory: Skipping org.apache.jmeter.protocol.http.modifier.gui.ParamModifierGui 
2020/03/22 17:43:31 INFO  - jorphan.exec.KeyToolUtils: keytool found at 'keytool' 
2020/03/22 17:43:31 INFO  - jmeter.protocol.http.proxy.ProxyControl: HTTP(S) Test Script Recorder SSL Proxy will use keys that support embedded 3rd party resources in file /usr/share/jmeter/bin/proxyserver.jks 
2020/03/22 17:43:31 INFO  - jmeter.samplers.SampleResult: Note: Sample TimeStamps are START times 
2020/03/22 17:43:31 INFO  - jmeter.samplers.SampleResult: sampleresult.default.encoding is set to ISO-8859-1 
2020/03/22 17:43:31 INFO  - jmeter.samplers.SampleResult: sampleresult.useNanoTime=true 
2020/03/22 17:43:31 INFO  - jmeter.samplers.SampleResult: sampleresult.nanoThreadSleep=5000 
2020/03/22 17:50:35 INFO  - jmeter.services.FileServer: Default base='/home/maria/Documentos/sextoSemestre/ES/es20tg_51-project/backend/jmeter/administration' 
2020/03/22 17:50:35 INFO  - jmeter.gui.action.Load: Loading file: /home/maria/Documentos/sextoSemestre/ES/es20tg_51-project/backend/jmeter/administration/WSGetExternalCourseExecutionsTest.jmx 
2020/03/22 17:50:35 INFO  - jmeter.services.FileServer: Set new base='/home/maria/Documentos/sextoSemestre/ES/es20tg_51-project/backend/jmeter/administration' 
2020/03/22 17:50:35 INFO  - jmeter.save.SaveService: Testplan (JMX) version: 2.2. Testlog (JTL) version: 2.2 
2020/03/22 17:50:35 INFO  - jmeter.save.SaveService: Using SaveService properties version 2.8 
2020/03/22 17:50:35 INFO  - jmeter.save.SaveService: Using SaveService properties file version 1656252 
2020/03/22 17:50:35 INFO  - jmeter.save.SaveService: Using SaveService properties file encoding UTF-8 
2020/03/22 17:50:35 INFO  - jmeter.save.SaveService: All converter versions present and correct 
2020/03/22 17:50:35 INFO  - jmeter.save.SaveService: Loading file: /home/maria/Documentos/sextoSemestre/ES/es20tg_51-project/backend/jmeter/administration/WSGetExternalCourseExecutionsTest.jmx 
2020/03/22 17:50:35 WARN  - jmeter.gui.action.Load: Unexpected error java.lang.IllegalArgumentException: Problem loading XML from:'/home/maria/Documentos/sextoSemestre/ES/es20tg_51-project/backend/jmeter/administration/WSGetExternalCourseExecutionsTest.jmx', conversion error com.thoughtworks.xstream.converters.ConversionException: 
---- Debugging information ----
cause-exception     : com.thoughtworks.xstream.converters.ConversionException
cause-message       : 
first-jmeter-class  : org.apache.jmeter.save.converters.HashTreeConverter.unmarshal(HashTreeConverter.java:67)
class               : org.apache.jmeter.save.ScriptWrapper
required-type       : org.apache.jmeter.save.ScriptWrapper
converter-type      : org.apache.jmeter.save.ScriptWrapperConverter
path                : /jmeterTestPlan/hashTree/hashTree/hashTree[2]/hashTree/JSONPostProcessor
line number         : 68
version             : 2.13.20180731
-------------------------------
	at org.apache.jmeter.save.SaveService.readTree(SaveService.java:586)
	at org.apache.jmeter.save.SaveService.loadTree(SaveService.java:537)
	at org.apache.jmeter.gui.action.Load.loadProjectFile(Load.java:130)
	at org.apache.jmeter.gui.action.Load.loadProjectFile(Load.java:102)
	at org.apache.jmeter.gui.action.Load.doAction(Load.java:89)
	at org.apache.jmeter.gui.action.ActionRouter.performAction(ActionRouter.java:81)
	at org.apache.jmeter.gui.action.ActionRouter.access$000(ActionRouter.java:40)
	at org.apache.jmeter.gui.action.ActionRouter$1.run(ActionRouter.java:63)
	at java.desktop/java.awt.event.InvocationEvent.dispatch(InvocationEvent.java:313)
	at java.desktop/java.awt.EventQueue.dispatchEventImpl(EventQueue.java:770)
	at java.desktop/java.awt.EventQueue$4.run(EventQueue.java:721)
	at java.desktop/java.awt.EventQueue$4.run(EventQueue.java:715)
	at java.base/java.security.AccessController.doPrivileged(Native Method)
	at java.base/java.security.ProtectionDomain$JavaSecurityAccessImpl.doIntersectionPrivilege(ProtectionDomain.java:85)
	at java.desktop/java.awt.EventQueue.dispatchEvent(EventQueue.java:740)
	at java.desktop/java.awt.EventDispatchThread.pumpOneEventForFilters(EventDispatchThread.java:203)
	at java.desktop/java.awt.EventDispatchThread.pumpEventsForFilter(EventDispatchThread.java:124)
	at java.desktop/java.awt.EventDispatchThread.pumpEventsForHierarchy(EventDispatchThread.java:113)
	at java.desktop/java.awt.EventDispatchThread.pumpEvents(EventDispatchThread.java:109)
	at java.desktop/java.awt.EventDispatchThread.pumpEvents(EventDispatchThread.java:101)
	at java.desktop/java.awt.EventDispatchThread.run(EventDispatchThread.java:90)
Caused by: com.thoughtworks.xstream.converters.ConversionException: 
---- Debugging information ----
cause-exception     : com.thoughtworks.xstream.converters.ConversionException
cause-message       : 
first-jmeter-class  : org.apache.jmeter.save.converters.HashTreeConverter.unmarshal(HashTreeConverter.java:67)
class               : org.apache.jmeter.save.ScriptWrapper
required-type       : org.apache.jmeter.save.ScriptWrapper
converter-type      : org.apache.jmeter.save.ScriptWrapperConverter
path                : /jmeterTestPlan/hashTree/hashTree/hashTree[2]/hashTree/JSONPostProcessor
line number         : 68
version             : 2.13.20180731
-------------------------------
	at org.apache.jmeter.save.ScriptWrapperConverter.createConversionException(ScriptWrapperConverter.java:105)
	at org.apache.jmeter.save.ScriptWrapperConverter.unmarshal(ScriptWrapperConverter.java:99)
	at com.thoughtworks.xstream.core.TreeUnmarshaller.convert(TreeUnmarshaller.java:72)
	at com.thoughtworks.xstream.core.AbstractReferenceUnmarshaller.convert(AbstractReferenceUnmarshaller.java:72)
	at com.thoughtworks.xstream.core.TreeUnmarshaller.convertAnother(TreeUnmarshaller.java:66)
	at com.thoughtworks.xstream.core.TreeUnmarshaller.convertAnother(TreeUnmarshaller.java:50)
	at com.thoughtworks.xstream.core.TreeUnmarshaller.start(TreeUnmarshaller.java:134)
	at com.thoughtworks.xstream.core.AbstractTreeMarshallingStrategy.unmarshal(AbstractTreeMarshallingStrategy.java:32)
	at com.thoughtworks.xstream.XStream.unmarshal(XStream.java:1487)
	at com.thoughtworks.xstream.XStream.unmarshal(XStream.java:1467)
	at com.thoughtworks.xstream.XStream.fromXML(XStream.java:1338)
	at org.apache.jmeter.save.SaveService.readTree(SaveService.java:559)
	... 20 more
Caused by: com.thoughtworks.xstream.converters.ConversionException: 
---- Debugging information ----
cause-exception     : com.thoughtworks.xstream.mapper.CannotResolveClassException
cause-message       : JSONPostProcessor
class               : org.apache.jorphan.collections.ListedHashTree
required-type       : org.apache.jorphan.collections.ListedHashTree
converter-type      : org.apache.jmeter.save.converters.HashTreeConverter
path                : /jmeterTestPlan/hashTree/hashTree/hashTree[2]/hashTree/JSONPostProcessor
line number         : 68
-------------------------------
	at com.thoughtworks.xstream.core.TreeUnmarshaller.convert(TreeUnmarshaller.java:77)
	at com.thoughtworks.xstream.core.AbstractReferenceUnmarshaller.convert(AbstractReferenceUnmarshaller.java:72)
	at com.thoughtworks.xstream.core.TreeUnmarshaller.convertAnother(TreeUnmarshaller.java:66)
	at com.thoughtworks.xstream.core.TreeUnmarshaller.convertAnother(TreeUnmarshaller.java:50)
	at com.thoughtworks.xstream.converters.collections.AbstractCollectionConverter.readBareItem(AbstractCollectionConverter.java:132)
	at com.thoughtworks.xstream.converters.collections.AbstractCollectionConverter.readItem(AbstractCollectionConverter.java:117)
	at org.apache.jmeter.save.converters.HashTreeConverter.unmarshal(HashTreeConverter.java:67)
	at com.thoughtworks.xstream.core.TreeUnmarshaller.convert(TreeUnmarshaller.java:72)
	at com.thoughtworks.xstream.core.AbstractReferenceUnmarshaller.convert(AbstractReferenceUnmarshaller.java:72)
	at com.thoughtworks.xstream.core.TreeUnmarshaller.convertAnother(TreeUnmarshaller.java:66)
	at com.thoughtworks.xstream.core.TreeUnmarshaller.convertAnother(TreeUnmarshaller.java:50)
	at com.thoughtworks.xstream.converters.collections.AbstractCollectionConverter.readBareItem(AbstractCollectionConverter.java:132)
	at com.thoughtworks.xstream.converters.collections.AbstractCollectionConverter.readItem(AbstractCollectionConverter.java:117)
	at org.apache.jmeter.save.converters.HashTreeConverter.unmarshal(HashTreeConverter.java:67)
	at com.thoughtworks.xstream.core.TreeUnmarshaller.convert(TreeUnmarshaller.java:72)
	at com.thoughtworks.xstream.core.AbstractReferenceUnmarshaller.convert(AbstractReferenceUnmarshaller.java:72)
	at com.thoughtworks.xstream.core.TreeUnmarshaller.convertAnother(TreeUnmarshaller.java:66)
	at com.thoughtworks.xstream.core.TreeUnmarshaller.convertAnother(TreeUnmarshaller.java:50)
	at com.thoughtworks.xstream.converters.collections.AbstractCollectionConverter.readBareItem(AbstractCollectionConverter.java:132)
	at com.thoughtworks.xstream.converters.collections.AbstractCollectionConverter.readItem(AbstractCollectionConverter.java:117)
	at org.apache.jmeter.save.converters.HashTreeConverter.unmarshal(HashTreeConverter.java:67)
	at com.thoughtworks.xstream.core.TreeUnmarshaller.convert(TreeUnmarshaller.java:72)
	at com.thoughtworks.xstream.core.AbstractReferenceUnmarshaller.convert(AbstractReferenceUnmarshaller.java:72)
	at com.thoughtworks.xstream.core.TreeUnmarshaller.convertAnother(TreeUnmarshaller.java:66)
	at com.thoughtworks.xstream.core.TreeUnmarshaller.convertAnother(TreeUnmarshaller.java:50)
	at org.apache.jmeter.save.ScriptWrapperConverter.unmarshal(ScriptWrapperConverter.java:95)
	... 30 more
Caused by: com.thoughtworks.xstream.mapper.CannotResolveClassException: JSONPostProcessor
	at com.thoughtworks.xstream.mapper.DefaultMapper.realClass(DefaultMapper.java:81)
	at com.thoughtworks.xstream.mapper.MapperWrapper.realClass(MapperWrapper.java:125)
	at com.thoughtworks.xstream.mapper.DynamicProxyMapper.realClass(DynamicProxyMapper.java:55)
	at com.thoughtworks.xstream.mapper.MapperWrapper.realClass(MapperWrapper.java:125)
	at com.thoughtworks.xstream.mapper.PackageAliasingMapper.realClass(PackageAliasingMapper.java:88)
	at com.thoughtworks.xstream.mapper.MapperWrapper.realClass(MapperWrapper.java:125)
	at com.thoughtworks.xstream.mapper.ClassAliasingMapper.realClass(ClassAliasingMapper.java:79)
	at com.thoughtworks.xstream.mapper.MapperWrapper.realClass(MapperWrapper.java:125)
	at com.thoughtworks.xstream.mapper.ArrayMapper.realClass(ArrayMapper.java:74)
	at com.thoughtworks.xstream.mapper.MapperWrapper.realClass(MapperWrapper.java:125)
	at com.thoughtworks.xstream.mapper.SecurityMapper.realClass(SecurityMapper.java:71)
	at com.thoughtworks.xstream.mapper.MapperWrapper.realClass(MapperWrapper.java:125)
	at org.apache.jmeter.save.SaveService$XStreamWrapper$1.realClass(SaveService.java:94)
	at com.thoughtworks.xstream.mapper.MapperWrapper.realClass(MapperWrapper.java:125)
	at com.thoughtworks.xstream.mapper.CachingMapper.realClass(CachingMapper.java:47)
	at com.thoughtworks.xstream.core.util.HierarchicalStreams.readClassType(HierarchicalStreams.java:29)
	at com.thoughtworks.xstream.converters.collections.AbstractCollectionConverter.readBareItem(AbstractCollectionConverter.java:131)
	at com.thoughtworks.xstream.converters.collections.AbstractCollectionConverter.readItem(AbstractCollectionConverter.java:117)
	at org.apache.jmeter.save.converters.HashTreeConverter.unmarshal(HashTreeConverter.java:67)
	at com.thoughtworks.xstream.core.TreeUnmarshaller.convert(TreeUnmarshaller.java:72)
	... 55 more

